<?xml version="1.0" encoding="UTF-8"?>
<testng-results skipped="0" failed="1" total="3" passed="2">
  <reporter-output>
  </reporter-output>
  <suite name="Suite" duration-ms="41642" started-at="2020-09-11T21:33:46Z" finished-at="2020-09-11T21:34:28Z">
    <groups>
    </groups>
    <test name="Test" duration-ms="41642" started-at="2020-09-11T21:33:46Z" finished-at="2020-09-11T21:34:28Z">
      <class name="com.acti.qa.testcase.TC01_ACTLP">
        <test-method status="PASS" signature="pretest()[pri:0, instance:com.acti.qa.testcase.TC01_ACTLP@ae45eb6]" name="pretest" is-config="true" duration-ms="11591" started-at="2020-09-11T17:33:47Z" finished-at="2020-09-11T17:33:58Z">
          <reporter-output>
          </reporter-output>
        </test-method> <!-- pretest -->
        <test-method status="FAIL" signature="testVerifyactilogo()[pri:1, instance:com.acti.qa.testcase.TC01_ACTLP@ae45eb6]" name="testVerifyactilogo" duration-ms="211" started-at="2020-09-11T17:33:58Z" finished-at="2020-09-11T17:33:58Z">
          <exception class="org.openqa.selenium.InvalidSelectorException">
            <message>
              <![CDATA[invalid selector: Unable to locate an element with the xpath expression //div[@class='atLogoImg' because of the following error:
SyntaxError: Failed to execute 'evaluate' on 'Document': The string '//div[@class='atLogoImg'' is not a valid XPath expression.
  (Session info: chrome=84.0.4147.135)
For documentation on this error, please visit: https://www.seleniumhq.org/exceptions/invalid_selector_exception.html
Build info: version: '3.141.59', revision: 'e82be7d358', time: '2018-11-14T08:17:03'
System info: host: 'SUHANI-PC', ip: '192.168.254.57', os.name: 'Windows 10', os.arch: 'amd64', os.version: '10.0', java.version: '1.8.0_251'
Driver info: org.openqa.selenium.chrome.ChromeDriver
Capabilities {acceptInsecureCerts: false, browserName: chrome, browserVersion: 84.0.4147.135, chrome: {chromedriverVersion: 84.0.4147.30 (48b3e868b4cc0..., userDataDir: C:\Users\suhani\AppData\Loc...}, goog:chromeOptions: {debuggerAddress: localhost:61940}, javascriptEnabled: true, networkConnectionEnabled: false, pageLoadStrategy: normal, platform: WINDOWS, platformName: WINDOWS, proxy: Proxy(), setWindowRect: true, strictFileInteractability: false, timeouts: {implicit: 0, pageLoad: 300000, script: 30000}, unhandledPromptBehavior: dismiss and notify, webauthn:virtualAuthenticators: true}
Session ID: f7601d2efbdd8787aac16490719f0db7
*** Element info: {Using=xpath, value=//div[@class='atLogoImg'}]]>
            </message>
            <full-stacktrace>
              <![CDATA[org.openqa.selenium.InvalidSelectorException: invalid selector: Unable to locate an element with the xpath expression //div[@class='atLogoImg' because of the following error:
SyntaxError: Failed to execute 'evaluate' on 'Document': The string '//div[@class='atLogoImg'' is not a valid XPath expression.
  (Session info: chrome=84.0.4147.135)
For documentation on this error, please visit: https://www.seleniumhq.org/exceptions/invalid_selector_exception.html
Build info: version: '3.141.59', revision: 'e82be7d358', time: '2018-11-14T08:17:03'
System info: host: 'SUHANI-PC', ip: '192.168.254.57', os.name: 'Windows 10', os.arch: 'amd64', os.version: '10.0', java.version: '1.8.0_251'
Driver info: org.openqa.selenium.chrome.ChromeDriver
Capabilities {acceptInsecureCerts: false, browserName: chrome, browserVersion: 84.0.4147.135, chrome: {chromedriverVersion: 84.0.4147.30 (48b3e868b4cc0..., userDataDir: C:\Users\suhani\AppData\Loc...}, goog:chromeOptions: {debuggerAddress: localhost:61940}, javascriptEnabled: true, networkConnectionEnabled: false, pageLoadStrategy: normal, platform: WINDOWS, platformName: WINDOWS, proxy: Proxy(), setWindowRect: true, strictFileInteractability: false, timeouts: {implicit: 0, pageLoad: 300000, script: 30000}, unhandledPromptBehavior: dismiss and notify, webauthn:virtualAuthenticators: true}
Session ID: f7601d2efbdd8787aac16490719f0db7
*** Element info: {Using=xpath, value=//div[@class='atLogoImg'}
	at sun.reflect.NativeConstructorAccessorImpl.newInstance0(Native Method)
	at sun.reflect.NativeConstructorAccessorImpl.newInstance(Unknown Source)
	at sun.reflect.DelegatingConstructorAccessorImpl.newInstance(Unknown Source)
	at java.lang.reflect.Constructor.newInstance(Unknown Source)
	at org.openqa.selenium.remote.http.W3CHttpResponseCodec.createException(W3CHttpResponseCodec.java:187)
	at org.openqa.selenium.remote.http.W3CHttpResponseCodec.decode(W3CHttpResponseCodec.java:122)
	at org.openqa.selenium.remote.http.W3CHttpResponseCodec.decode(W3CHttpResponseCodec.java:49)
	at org.openqa.selenium.remote.HttpCommandExecutor.execute(HttpCommandExecutor.java:158)
	at org.openqa.selenium.remote.service.DriverCommandExecutor.execute(DriverCommandExecutor.java:83)
	at org.openqa.selenium.remote.RemoteWebDriver.execute(RemoteWebDriver.java:552)
	at org.openqa.selenium.remote.RemoteWebDriver.findElement(RemoteWebDriver.java:323)
	at org.openqa.selenium.remote.RemoteWebDriver.findElementByXPath(RemoteWebDriver.java:428)
	at org.openqa.selenium.By$ByXPath.findElement(By.java:353)
	at org.openqa.selenium.remote.RemoteWebDriver.findElement(RemoteWebDriver.java:315)
	at org.openqa.selenium.support.pagefactory.DefaultElementLocator.findElement(DefaultElementLocator.java:69)
	at org.openqa.selenium.support.pagefactory.internal.LocatingElementHandler.invoke(LocatingElementHandler.java:38)
	at com.sun.proxy.$Proxy9.isDisplayed(Unknown Source)
	at com.acti.qa.pages.LoginPage.logoDisplayed(LoginPage.java:31)
	at com.acti.qa.testcase.TC01_ACTLP.testVerifyactilogo(TC01_ACTLP.java:12)
	at sun.reflect.NativeMethodAccessorImpl.invoke0(Native Method)
	at sun.reflect.NativeMethodAccessorImpl.invoke(Unknown Source)
	at sun.reflect.DelegatingMethodAccessorImpl.invoke(Unknown Source)
	at java.lang.reflect.Method.invoke(Unknown Source)
	at org.testng.internal.MethodInvocationHelper.invokeMethod(MethodInvocationHelper.java:100)
	at org.testng.internal.Invoker.invokeMethod(Invoker.java:646)
	at org.testng.internal.Invoker.invokeTestMethod(Invoker.java:811)
	at org.testng.internal.Invoker.invokeTestMethods(Invoker.java:1129)
	at org.testng.internal.TestMethodWorker.invokeTestMethods(TestMethodWorker.java:129)
	at org.testng.internal.TestMethodWorker.run(TestMethodWorker.java:112)
	at org.testng.TestRunner.privateRun(TestRunner.java:746)
	at org.testng.TestRunner.run(TestRunner.java:600)
	at org.testng.SuiteRunner.runTest(SuiteRunner.java:366)
	at org.testng.SuiteRunner.runSequentially(SuiteRunner.java:361)
	at org.testng.SuiteRunner.privateRun(SuiteRunner.java:319)
	at org.testng.SuiteRunner.run(SuiteRunner.java:268)
	at org.testng.SuiteRunnerWorker.runSuite(SuiteRunnerWorker.java:52)
	at org.testng.SuiteRunnerWorker.run(SuiteRunnerWorker.java:86)
	at org.testng.TestNG.runSuitesSequentially(TestNG.java:1264)
	at org.testng.TestNG.runSuitesLocally(TestNG.java:1189)
	at org.testng.TestNG.runSuites(TestNG.java:1104)
	at org.testng.TestNG.run(TestNG.java:1076)
	at org.testng.remote.AbstractRemoteTestNG.run(AbstractRemoteTestNG.java:126)
	at org.testng.remote.RemoteTestNG.initAndRun(RemoteTestNG.java:152)
	at org.testng.remote.RemoteTestNG.main(RemoteTestNG.java:57)
]]>
            </full-stacktrace>
          </exception> <!-- org.openqa.selenium.InvalidSelectorException -->
          <reporter-output>
          </reporter-output>
        </test-method> <!-- testVerifyactilogo -->
        <test-method status="PASS" signature="tearDown()[pri:0, instance:com.acti.qa.testcase.TC01_ACTLP@ae45eb6]" name="tearDown" is-config="true" duration-ms="241" started-at="2020-09-11T17:33:58Z" finished-at="2020-09-11T17:33:59Z">
          <reporter-output>
          </reporter-output>
        </test-method> <!-- tearDown -->
        <test-method status="PASS" signature="pretest()[pri:0, instance:com.acti.qa.testcase.TC01_ACTLP@ae45eb6]" name="pretest" is-config="true" duration-ms="8185" started-at="2020-09-11T17:33:59Z" finished-at="2020-09-11T17:34:07Z">
          <reporter-output>
          </reporter-output>
        </test-method> <!-- pretest -->
        <test-method status="PASS" signature="testValidateLogin()[pri:2, instance:com.acti.qa.testcase.TC01_ACTLP@ae45eb6]" name="testValidateLogin" duration-ms="5158" started-at="2020-09-11T17:34:07Z" finished-at="2020-09-11T17:34:12Z">
          <reporter-output>
          </reporter-output>
        </test-method> <!-- testValidateLogin -->
        <test-method status="PASS" signature="tearDown()[pri:0, instance:com.acti.qa.testcase.TC01_ACTLP@ae45eb6]" name="tearDown" is-config="true" duration-ms="2201" started-at="2020-09-11T17:34:12Z" finished-at="2020-09-11T17:34:14Z">
          <reporter-output>
          </reporter-output>
        </test-method> <!-- tearDown -->
      </class> <!-- com.acti.qa.testcase.TC01_ACTLP -->
      <class name="com.acti.qa.testcase.TC02_EnTP">
        <test-method status="PASS" signature="pretest()[pri:0, instance:com.acti.qa.testcase.TC02_EnTP@59f99ea]" name="pretest" is-config="true" duration-ms="7451" started-at="2020-09-11T17:34:14Z" finished-at="2020-09-11T17:34:22Z">
          <reporter-output>
          </reporter-output>
        </test-method> <!-- pretest -->
        <test-method status="PASS" signature="testVerifyTaskMenu()[pri:0, instance:com.acti.qa.testcase.TC02_EnTP@59f99ea]" name="testVerifyTaskMenu" duration-ms="6411" started-at="2020-09-11T17:34:22Z" finished-at="2020-09-11T17:34:28Z">
          <reporter-output>
          </reporter-output>
        </test-method> <!-- testVerifyTaskMenu -->
        <test-method status="PASS" signature="tearDown()[pri:0, instance:com.acti.qa.testcase.TC02_EnTP@59f99ea]" name="tearDown" is-config="true" duration-ms="129" started-at="2020-09-11T17:34:28Z" finished-at="2020-09-11T17:34:28Z">
          <reporter-output>
          </reporter-output>
        </test-method> <!-- tearDown -->
      </class> <!-- com.acti.qa.testcase.TC02_EnTP -->
    </test> <!-- Test -->
  </suite> <!-- Suite -->
</testng-results>
